Detecting C OpenMP failed with the following output:
Change Dir: /Users/samtake/Documents/GitHub/openGLredBook9th/xcodeProj/CMakeFiles/CMakeTmp

Run Build Command(s):/usr/bin/xcodebuild -project CMAKE_TRY_COMPILE.xcodeproj build -target cmTC_c1742 -configuration Debug -hideShellScriptEnvironment && User defaults from command line:
    HideShellScriptEnvironment = YES

Prepare build
note: Using legacy build system
=== BUILD TARGET cmTC_c1742 OF PROJECT CMAKE_TRY_COMPILE WITH CONFIGURATION Debug ===

Check dependencies

Write auxiliary files
/bin/mkdir -p /Users/samtake/Documents/GitHub/openGLredBook9th/xcodeProj/CMakeFiles/CMakeTmp/CMAKE_TRY_COMPILE.build/Debug/cmTC_c1742.build/Objects-normal/x86_64
write-file /Users/samtake/Documents/GitHub/openGLredBook9th/xcodeProj/CMakeFiles/CMakeTmp/CMAKE_TRY_COMPILE.build/Debug/cmTC_c1742.build/Objects-normal/x86_64/cmTC_c1742.LinkFileList

CompileC CMAKE_TRY_COMPILE.build/Debug/cmTC_c1742.build/Objects-normal/x86_64/OpenMPTryFlag.o /Users/samtake/Documents/GitHub/openGLredBook9th/xcodeProj/CMakeFiles/FindOpenMP/OpenMPTryFlag.c normal x86_64 c com.apple.compilers.llvm.clang.1_0.compiler
    cd /Users/samtake/Documents/GitHub/openGLredBook9th/xcodeProj/CMakeFiles/CMakeTmp
    /Applications/Xcode.app/Contents/Developer/Toolchains/XcodeDefault.xctoolchain/usr/bin/clang -x c -target x86_64-apple-macos10.14 -fmessage-length=0 -fdiagnostics-show-note-include-stack -fmacro-backtrace-limit=0 -Wno-trigraphs -fpascal-strings -O0 -Wno-missing-field-initializers -Wno-missing-prototypes -Wno-return-type -Wno-missing-braces -Wparentheses -Wswitch -Wno-unused-function -Wno-unused-label -Wno-unused-parameter -Wno-unused-variable -Wunused-value -Wno-empty-body -Wno-uninitialized -Wno-unknown-pragmas -Wno-shadow -Wno-four-char-constants -Wno-conversion -Wno-constant-conversion -Wno-int-conversion -Wno-bool-conversion -Wno-enum-conversion -Wno-float-conversion -Wno-non-literal-null-conversion -Wno-objc-literal-conversion -Wno-shorten-64-to-32 -Wpointer-sign -Wno-newline-eof -DCMAKE_INTDIR=\"Debug\" -isysroot /Applications/Xcode.app/Contents/Developer/Platforms/MacOSX.platform/Developer/SDKs/MacOSX10.15.sdk -fasm-blocks -fstrict-aliasing -Wdeprecated-declarations -g -Wno-sign-conversion -Wno-infinite-recursion -Wno-comma -Wno-block-capture-autoreleasing -Wno-strict-prototypes -Wno-semicolon-before-method-body -I/Users/samtake/Documents/GitHub/openGLredBook9th/xcodeProj/CMakeFiles/CMakeTmp/Debug/include -I/Users/samtake/Documents/GitHub/openGLredBook9th/xcodeProj/CMakeFiles/CMakeTmp/CMAKE_TRY_COMPILE.build/Debug/cmTC_c1742.build/DerivedSources-normal/x86_64 -I/Users/samtake/Documents/GitHub/openGLredBook9th/xcodeProj/CMakeFiles/CMakeTmp/CMAKE_TRY_COMPILE.build/Debug/cmTC_c1742.build/DerivedSources/x86_64 -I/Users/samtake/Documents/GitHub/openGLredBook9th/xcodeProj/CMakeFiles/CMakeTmp/CMAKE_TRY_COMPILE.build/Debug/cmTC_c1742.build/DerivedSources -F/Users/samtake/Documents/GitHub/openGLredBook9th/xcodeProj/CMakeFiles/CMakeTmp/Debug -fopenmp=libomp -v -MMD -MT dependencies -MF /Users/samtake/Documents/GitHub/openGLredBook9th/xcodeProj/CMakeFiles/CMakeTmp/CMAKE_TRY_COMPILE.build/Debug/cmTC_c1742.build/Objects-normal/x86_64/OpenMPTryFlag.d --serialize-diagnostics /Users/samtake/Documents/GitHub/openGLredBook9th/xcodeProj/CMakeFiles/CMakeTmp/CMAKE_TRY_COMPILE.build/Debug/cmTC_c1742.build/Objects-normal/x86_64/OpenMPTryFlag.dia -c /Users/samtake/Documents/GitHub/openGLredBook9th/xcodeProj/CMakeFiles/FindOpenMP/OpenMPTryFlag.c -o /Users/samtake/Documents/GitHub/openGLredBook9th/xcodeProj/CMakeFiles/CMakeTmp/CMAKE_TRY_COMPILE.build/Debug/cmTC_c1742.build/Objects-normal/x86_64/OpenMPTryFlag.o
Apple clang version 11.0.0 (clang-1100.0.33.12)
Target: x86_64-apple-macos10.14
Thread model: posix
InstalledDir: /Applications/Xcode.app/Contents/Developer/Toolchains/XcodeDefault.xctoolchain/usr/bin
clang: error: unsupported argument 'libomp' to option 'fopenmp='

** BUILD FAILED **


The following build commands failed:
	CompileC CMAKE_TRY_COMPILE.build/Debug/cmTC_c1742.build/Objects-normal/x86_64/OpenMPTryFlag.o /Users/samtake/Documents/GitHub/openGLredBook9th/xcodeProj/CMakeFiles/FindOpenMP/OpenMPTryFlag.c normal x86_64 c com.apple.compilers.llvm.clang.1_0.compiler
(1 failure)



Detecting C OpenMP failed with the following output:
Change Dir: /Users/samtake/Documents/GitHub/openGLredBook9th/xcodeProj/CMakeFiles/CMakeTmp

Run Build Command(s):/usr/bin/xcodebuild -project CMAKE_TRY_COMPILE.xcodeproj build -target cmTC_fbe1f -configuration Debug -hideShellScriptEnvironment && User defaults from command line:
    HideShellScriptEnvironment = YES

Prepare build
note: Using legacy build system
=== BUILD TARGET cmTC_fbe1f OF PROJECT CMAKE_TRY_COMPILE WITH CONFIGURATION Debug ===

Check dependencies

Write auxiliary files
/bin/mkdir -p /Users/samtake/Documents/GitHub/openGLredBook9th/xcodeProj/CMakeFiles/CMakeTmp/CMAKE_TRY_COMPILE.build/Debug/cmTC_fbe1f.build/Objects-normal/x86_64
write-file /Users/samtake/Documents/GitHub/openGLredBook9th/xcodeProj/CMakeFiles/CMakeTmp/CMAKE_TRY_COMPILE.build/Debug/cmTC_fbe1f.build/Objects-normal/x86_64/cmTC_fbe1f.LinkFileList

CompileC CMAKE_TRY_COMPILE.build/Debug/cmTC_fbe1f.build/Objects-normal/x86_64/OpenMPTryFlag.o /Users/samtake/Documents/GitHub/openGLredBook9th/xcodeProj/CMakeFiles/FindOpenMP/OpenMPTryFlag.c normal x86_64 c com.apple.compilers.llvm.clang.1_0.compiler
    cd /Users/samtake/Documents/GitHub/openGLredBook9th/xcodeProj/CMakeFiles/CMakeTmp
    /Applications/Xcode.app/Contents/Developer/Toolchains/XcodeDefault.xctoolchain/usr/bin/clang -x c -target x86_64-apple-macos10.14 -fmessage-length=0 -fdiagnostics-show-note-include-stack -fmacro-backtrace-limit=0 -Wno-trigraphs -fpascal-strings -O0 -Wno-missing-field-initializers -Wno-missing-prototypes -Wno-return-type -Wno-missing-braces -Wparentheses -Wswitch -Wno-unused-function -Wno-unused-label -Wno-unused-parameter -Wno-unused-variable -Wunused-value -Wno-empty-body -Wno-uninitialized -Wno-unknown-pragmas -Wno-shadow -Wno-four-char-constants -Wno-conversion -Wno-constant-conversion -Wno-int-conversion -Wno-bool-conversion -Wno-enum-conversion -Wno-float-conversion -Wno-non-literal-null-conversion -Wno-objc-literal-conversion -Wno-shorten-64-to-32 -Wpointer-sign -Wno-newline-eof -DCMAKE_INTDIR=\"Debug\" -isysroot /Applications/Xcode.app/Contents/Developer/Platforms/MacOSX.platform/Developer/SDKs/MacOSX10.15.sdk -fasm-blocks -fstrict-aliasing -Wdeprecated-declarations -g -Wno-sign-conversion -Wno-infinite-recursion -Wno-comma -Wno-block-capture-autoreleasing -Wno-strict-prototypes -Wno-semicolon-before-method-body -I/Users/samtake/Documents/GitHub/openGLredBook9th/xcodeProj/CMakeFiles/CMakeTmp/Debug/include -I/Users/samtake/Documents/GitHub/openGLredBook9th/xcodeProj/CMakeFiles/CMakeTmp/CMAKE_TRY_COMPILE.build/Debug/cmTC_fbe1f.build/DerivedSources-normal/x86_64 -I/Users/samtake/Documents/GitHub/openGLredBook9th/xcodeProj/CMakeFiles/CMakeTmp/CMAKE_TRY_COMPILE.build/Debug/cmTC_fbe1f.build/DerivedSources/x86_64 -I/Users/samtake/Documents/GitHub/openGLredBook9th/xcodeProj/CMakeFiles/CMakeTmp/CMAKE_TRY_COMPILE.build/Debug/cmTC_fbe1f.build/DerivedSources -F/Users/samtake/Documents/GitHub/openGLredBook9th/xcodeProj/CMakeFiles/CMakeTmp/Debug -fopenmp=libiomp5 -v -MMD -MT dependencies -MF /Users/samtake/Documents/GitHub/openGLredBook9th/xcodeProj/CMakeFiles/CMakeTmp/CMAKE_TRY_COMPILE.build/Debug/cmTC_fbe1f.build/Objects-normal/x86_64/OpenMPTryFlag.d --serialize-diagnostics /Users/samtake/Documents/GitHub/openGLredBook9th/xcodeProj/CMakeFiles/CMakeTmp/CMAKE_TRY_COMPILE.build/Debug/cmTC_fbe1f.build/Objects-normal/x86_64/OpenMPTryFlag.dia -c /Users/samtake/Documents/GitHub/openGLredBook9th/xcodeProj/CMakeFiles/FindOpenMP/OpenMPTryFlag.c -o /Users/samtake/Documents/GitHub/openGLredBook9th/xcodeProj/CMakeFiles/CMakeTmp/CMAKE_TRY_COMPILE.build/Debug/cmTC_fbe1f.build/Objects-normal/x86_64/OpenMPTryFlag.o
Apple clang version 11.0.0 (clang-1100.0.33.12)
Target: x86_64-apple-macos10.14
Thread model: posix
InstalledDir: /Applications/Xcode.app/Contents/Developer/Toolchains/XcodeDefault.xctoolchain/usr/bin
clang: error: unsupported argument 'libiomp5' to option 'fopenmp='

** BUILD FAILED **


The following build commands failed:
	CompileC CMAKE_TRY_COMPILE.build/Debug/cmTC_fbe1f.build/Objects-normal/x86_64/OpenMPTryFlag.o /Users/samtake/Documents/GitHub/openGLredBook9th/xcodeProj/CMakeFiles/FindOpenMP/OpenMPTryFlag.c normal x86_64 c com.apple.compilers.llvm.clang.1_0.compiler
(1 failure)



Detecting C OpenMP failed with the following output:
Change Dir: /Users/samtake/Documents/GitHub/openGLredBook9th/xcodeProj/CMakeFiles/CMakeTmp

Run Build Command(s):/usr/bin/xcodebuild -project CMAKE_TRY_COMPILE.xcodeproj build -target cmTC_84b7a -configuration Debug -hideShellScriptEnvironment && User defaults from command line:
    HideShellScriptEnvironment = YES

Prepare build
note: Using legacy build system
=== BUILD TARGET cmTC_84b7a OF PROJECT CMAKE_TRY_COMPILE WITH CONFIGURATION Debug ===

Check dependencies

Write auxiliary files
/bin/mkdir -p /Users/samtake/Documents/GitHub/openGLredBook9th/xcodeProj/CMakeFiles/CMakeTmp/CMAKE_TRY_COMPILE.build/Debug/cmTC_84b7a.build/Objects-normal/x86_64
write-file /Users/samtake/Documents/GitHub/openGLredBook9th/xcodeProj/CMakeFiles/CMakeTmp/CMAKE_TRY_COMPILE.build/Debug/cmTC_84b7a.build/Objects-normal/x86_64/cmTC_84b7a.LinkFileList

CompileC CMAKE_TRY_COMPILE.build/Debug/cmTC_84b7a.build/Objects-normal/x86_64/OpenMPTryFlag.o /Users/samtake/Documents/GitHub/openGLredBook9th/xcodeProj/CMakeFiles/FindOpenMP/OpenMPTryFlag.c normal x86_64 c com.apple.compilers.llvm.clang.1_0.compiler
    cd /Users/samtake/Documents/GitHub/openGLredBook9th/xcodeProj/CMakeFiles/CMakeTmp
    /Applications/Xcode.app/Contents/Developer/Toolchains/XcodeDefault.xctoolchain/usr/bin/clang -x c -target x86_64-apple-macos10.14 -fmessage-length=0 -fdiagnostics-show-note-include-stack -fmacro-backtrace-limit=0 -Wno-trigraphs -fpascal-strings -O0 -Wno-missing-field-initializers -Wno-missing-prototypes -Wno-return-type -Wno-missing-braces -Wparentheses -Wswitch -Wno-unused-function -Wno-unused-label -Wno-unused-parameter -Wno-unused-variable -Wunused-value -Wno-empty-body -Wno-uninitialized -Wno-unknown-pragmas -Wno-shadow -Wno-four-char-constants -Wno-conversion -Wno-constant-conversion -Wno-int-conversion -Wno-bool-conversion -Wno-enum-conversion -Wno-float-conversion -Wno-non-literal-null-conversion -Wno-objc-literal-conversion -Wno-shorten-64-to-32 -Wpointer-sign -Wno-newline-eof -DCMAKE_INTDIR=\"Debug\" -isysroot /Applications/Xcode.app/Contents/Developer/Platforms/MacOSX.platform/Developer/SDKs/MacOSX10.15.sdk -fasm-blocks -fstrict-aliasing -Wdeprecated-declarations -g -Wno-sign-conversion -Wno-infinite-recursion -Wno-comma -Wno-block-capture-autoreleasing -Wno-strict-prototypes -Wno-semicolon-before-method-body -I/Users/samtake/Documents/GitHub/openGLredBook9th/xcodeProj/CMakeFiles/CMakeTmp/Debug/include -I/Users/samtake/Documents/GitHub/openGLredBook9th/xcodeProj/CMakeFiles/CMakeTmp/CMAKE_TRY_COMPILE.build/Debug/cmTC_84b7a.build/DerivedSources-normal/x86_64 -I/Users/samtake/Documents/GitHub/openGLredBook9th/xcodeProj/CMakeFiles/CMakeTmp/CMAKE_TRY_COMPILE.build/Debug/cmTC_84b7a.build/DerivedSources/x86_64 -I/Users/samtake/Documents/GitHub/openGLredBook9th/xcodeProj/CMakeFiles/CMakeTmp/CMAKE_TRY_COMPILE.build/Debug/cmTC_84b7a.build/DerivedSources -F/Users/samtake/Documents/GitHub/openGLredBook9th/xcodeProj/CMakeFiles/CMakeTmp/Debug -fopenmp -v -MMD -MT dependencies -MF /Users/samtake/Documents/GitHub/openGLredBook9th/xcodeProj/CMakeFiles/CMakeTmp/CMAKE_TRY_COMPILE.build/Debug/cmTC_84b7a.build/Objects-normal/x86_64/OpenMPTryFlag.d --serialize-diagnostics /Users/samtake/Documents/GitHub/openGLredBook9th/xcodeProj/CMakeFiles/CMakeTmp/CMAKE_TRY_COMPILE.build/Debug/cmTC_84b7a.build/Objects-normal/x86_64/OpenMPTryFlag.dia -c /Users/samtake/Documents/GitHub/openGLredBook9th/xcodeProj/CMakeFiles/FindOpenMP/OpenMPTryFlag.c -o /Users/samtake/Documents/GitHub/openGLredBook9th/xcodeProj/CMakeFiles/CMakeTmp/CMAKE_TRY_COMPILE.build/Debug/cmTC_84b7a.build/Objects-normal/x86_64/OpenMPTryFlag.o
Apple clang version 11.0.0 (clang-1100.0.33.12)
Target: x86_64-apple-macos10.14
Thread model: posix
InstalledDir: /Applications/Xcode.app/Contents/Developer/Toolchains/XcodeDefault.xctoolchain/usr/bin
clang: error: unsupported option '-fopenmp'

** BUILD FAILED **


The following build commands failed:
	CompileC CMAKE_TRY_COMPILE.build/Debug/cmTC_84b7a.build/Objects-normal/x86_64/OpenMPTryFlag.o /Users/samtake/Documents/GitHub/openGLredBook9th/xcodeProj/CMakeFiles/FindOpenMP/OpenMPTryFlag.c normal x86_64 c com.apple.compilers.llvm.clang.1_0.compiler
(1 failure)



Detecting C OpenMP failed with the following output:
Change Dir: /Users/samtake/Documents/GitHub/openGLredBook9th/xcodeProj/CMakeFiles/CMakeTmp

Run Build Command(s):/usr/bin/xcodebuild -project CMAKE_TRY_COMPILE.xcodeproj build -target cmTC_4fb79 -configuration Debug -hideShellScriptEnvironment && User defaults from command line:
    HideShellScriptEnvironment = YES

Prepare build
note: Using legacy build system
=== BUILD TARGET cmTC_4fb79 OF PROJECT CMAKE_TRY_COMPILE WITH CONFIGURATION Debug ===

Check dependencies

Write auxiliary files
/bin/mkdir -p /Users/samtake/Documents/GitHub/openGLredBook9th/xcodeProj/CMakeFiles/CMakeTmp/CMAKE_TRY_COMPILE.build/Debug/cmTC_4fb79.build/Objects-normal/x86_64
write-file /Users/samtake/Documents/GitHub/openGLredBook9th/xcodeProj/CMakeFiles/CMakeTmp/CMAKE_TRY_COMPILE.build/Debug/cmTC_4fb79.build/Objects-normal/x86_64/cmTC_4fb79.LinkFileList

CompileC CMAKE_TRY_COMPILE.build/Debug/cmTC_4fb79.build/Objects-normal/x86_64/OpenMPTryFlag.o /Users/samtake/Documents/GitHub/openGLredBook9th/xcodeProj/CMakeFiles/FindOpenMP/OpenMPTryFlag.c normal x86_64 c com.apple.compilers.llvm.clang.1_0.compiler
    cd /Users/samtake/Documents/GitHub/openGLredBook9th/xcodeProj/CMakeFiles/CMakeTmp
    /Applications/Xcode.app/Contents/Developer/Toolchains/XcodeDefault.xctoolchain/usr/bin/clang -x c -target x86_64-apple-macos10.14 -fmessage-length=0 -fdiagnostics-show-note-include-stack -fmacro-backtrace-limit=0 -Wno-trigraphs -fpascal-strings -O0 -Wno-missing-field-initializers -Wno-missing-prototypes -Wno-return-type -Wno-missing-braces -Wparentheses -Wswitch -Wno-unused-function -Wno-unused-label -Wno-unused-parameter -Wno-unused-variable -Wunused-value -Wno-empty-body -Wno-uninitialized -Wno-unknown-pragmas -Wno-shadow -Wno-four-char-constants -Wno-conversion -Wno-constant-conversion -Wno-int-conversion -Wno-bool-conversion -Wno-enum-conversion -Wno-float-conversion -Wno-non-literal-null-conversion -Wno-objc-literal-conversion -Wno-shorten-64-to-32 -Wpointer-sign -Wno-newline-eof -DCMAKE_INTDIR=\"Debug\" -isysroot /Applications/Xcode.app/Contents/Developer/Platforms/MacOSX.platform/Developer/SDKs/MacOSX10.15.sdk -fasm-blocks -fstrict-aliasing -Wdeprecated-declarations -g -Wno-sign-conversion -Wno-infinite-recursion -Wno-comma -Wno-block-capture-autoreleasing -Wno-strict-prototypes -Wno-semicolon-before-method-body -I/Users/samtake/Documents/GitHub/openGLredBook9th/xcodeProj/CMakeFiles/CMakeTmp/Debug/include -I/Users/samtake/Documents/GitHub/openGLredBook9th/xcodeProj/CMakeFiles/CMakeTmp/CMAKE_TRY_COMPILE.build/Debug/cmTC_4fb79.build/DerivedSources-normal/x86_64 -I/Users/samtake/Documents/GitHub/openGLredBook9th/xcodeProj/CMakeFiles/CMakeTmp/CMAKE_TRY_COMPILE.build/Debug/cmTC_4fb79.build/DerivedSources/x86_64 -I/Users/samtake/Documents/GitHub/openGLredBook9th/xcodeProj/CMakeFiles/CMakeTmp/CMAKE_TRY_COMPILE.build/Debug/cmTC_4fb79.build/DerivedSources -F/Users/samtake/Documents/GitHub/openGLredBook9th/xcodeProj/CMakeFiles/CMakeTmp/Debug -Xclang -fopenmp -v -MMD -MT dependencies -MF /Users/samtake/Documents/GitHub/openGLredBook9th/xcodeProj/CMakeFiles/CMakeTmp/CMAKE_TRY_COMPILE.build/Debug/cmTC_4fb79.build/Objects-normal/x86_64/OpenMPTryFlag.d --serialize-diagnostics /Users/samtake/Documents/GitHub/openGLredBook9th/xcodeProj/CMakeFiles/CMakeTmp/CMAKE_TRY_COMPILE.build/Debug/cmTC_4fb79.build/Objects-normal/x86_64/OpenMPTryFlag.dia -c /Users/samtake/Documents/GitHub/openGLredBook9th/xcodeProj/CMakeFiles/FindOpenMP/OpenMPTryFlag.c -o /Users/samtake/Documents/GitHub/openGLredBook9th/xcodeProj/CMakeFiles/CMakeTmp/CMAKE_TRY_COMPILE.build/Debug/cmTC_4fb79.build/Objects-normal/x86_64/OpenMPTryFlag.o
Apple clang version 11.0.0 (clang-1100.0.33.12)
Target: x86_64-apple-macos10.14
Thread model: posix
InstalledDir: /Applications/Xcode.app/Contents/Developer/Toolchains/XcodeDefault.xctoolchain/usr/bin
 "/Applications/Xcode.app/Contents/Developer/Toolchains/XcodeDefault.xctoolchain/usr/bin/clang" -cc1 -triple x86_64-apple-macosx10.14.0 -Wdeprecated-objc-isa-usage -Werror=deprecated-objc-isa-usage -emit-obj -mrelax-all -disable-free -disable-llvm-verifier -discard-value-names -main-file-name OpenMPTryFlag.c -mrelocation-model pic -pic-level 2 -mthread-model posix -mdisable-fp-elim -fno-strict-return -masm-verbose -munwind-tables -target-sdk-version=10.15 -target-cpu penryn -dwarf-column-info -debug-info-kind=standalone -dwarf-version=4 -debugger-tuning=lldb -ggnu-pubnames -target-linker-version 520 -v -coverage-notes-file /Users/samtake/Documents/GitHub/openGLredBook9th/xcodeProj/CMakeFiles/CMakeTmp/CMAKE_TRY_COMPILE.build/Debug/cmTC_4fb79.build/Objects-normal/x86_64/OpenMPTryFlag.gcno -resource-dir /Applications/Xcode.app/Contents/Developer/Toolchains/XcodeDefault.xctoolchain/usr/lib/clang/11.0.0 -dependency-file /Users/samtake/Documents/GitHub/openGLredBook9th/xcodeProj/CMakeFiles/CMakeTmp/CMAKE_TRY_COMPILE.build/Debug/cmTC_4fb79.build/Objects-normal/x86_64/OpenMPTryFlag.d -skip-unused-modulemap-deps -MT dependencies -isysroot /Applications/Xcode.app/Contents/Developer/Platforms/MacOSX.platform/Developer/SDKs/MacOSX10.15.sdk -D "CMAKE_INTDIR=\"Debug\"" -I /Users/samtake/Documents/GitHub/openGLredBook9th/xcodeProj/CMakeFiles/CMakeTmp/Debug/include -I /Users/samtake/Documents/GitHub/openGLredBook9th/xcodeProj/CMakeFiles/CMakeTmp/CMAKE_TRY_COMPILE.build/Debug/cmTC_4fb79.build/DerivedSources-normal/x86_64 -I /Users/samtake/Documents/GitHub/openGLredBook9th/xcodeProj/CMakeFiles/CMakeTmp/CMAKE_TRY_COMPILE.build/Debug/cmTC_4fb79.build/DerivedSources/x86_64 -I /Users/samtake/Documents/GitHub/openGLredBook9th/xcodeProj/CMakeFiles/CMakeTmp/CMAKE_TRY_COMPILE.build/Debug/cmTC_4fb79.build/DerivedSources -F/Users/samtake/Documents/GitHub/openGLredBook9th/xcodeProj/CMakeFiles/CMakeTmp/Debug -O0 -Wno-trigraphs -Wno-missing-field-initializers -Wno-missing-prototypes -Wno-return-type -Wno-missing-braces -Wparentheses -Wswitch -Wno-unused-function -Wno-unused-label -Wno-unused-parameter -Wno-unused-variable -Wunused-value -Wno-empty-body -Wno-uninitialized -Wno-unknown-pragmas -Wno-shadow -Wno-four-char-constants -Wno-conversion -Wno-constant-conversion -Wno-int-conversion -Wno-bool-conversion -Wno-enum-conversion -Wno-float-conversion -Wno-non-literal-null-conversion -Wno-objc-literal-conversion -Wno-shorten-64-to-32 -Wpointer-sign -Wno-newline-eof -Wdeprecated-declarations -Wno-sign-conversion -Wno-infinite-recursion -Wno-comma -Wno-block-capture-autoreleasing -Wno-strict-prototypes -Wno-semicolon-before-method-body -Wno-framework-include-private-from-public -Wno-atimport-in-framework-header -Wno-extra-semi-stmt -Wno-quoted-include-in-framework-header -fdebug-compilation-dir /Users/samtake/Documents/GitHub/openGLredBook9th/xcodeProj/CMakeFiles/CMakeTmp -ferror-limit 19 -fmacro-backtrace-limit 0 -fmessage-length 0 -stack-protector 1 -mdarwin-stkchk-strong-link -fblocks -fencode-extended-block-signature -fregister-global-dtors-with-atexit -fobjc-runtime=macosx-10.14.0 -fpascal-strings -fmax-type-align=16 -fdiagnostics-show-option -fdiagnostics-show-note-include-stack -fasm-blocks -serialize-diagnostic-file /Users/samtake/Documents/GitHub/openGLredBook9th/xcodeProj/CMakeFiles/CMakeTmp/CMAKE_TRY_COMPILE.build/Debug/cmTC_4fb79.build/Objects-normal/x86_64/OpenMPTryFlag.dia -fopenmp -o /Users/samtake/Documents/GitHub/openGLredBook9th/xcodeProj/CMakeFiles/CMakeTmp/CMAKE_TRY_COMPILE.build/Debug/cmTC_4fb79.build/Objects-normal/x86_64/OpenMPTryFlag.o -x c /Users/samtake/Documents/GitHub/openGLredBook9th/xcodeProj/CMakeFiles/FindOpenMP/OpenMPTryFlag.c
clang -cc1 version 11.0.0 (clang-1100.0.33.12) default target x86_64-apple-darwin18.7.0
ignoring nonexistent directory "/Users/samtake/Documents/GitHub/openGLredBook9th/xcodeProj/CMakeFiles/CMakeTmp/Debug/include"
ignoring nonexistent directory "/Users/samtake/Documents/GitHub/openGLredBook9th/xcodeProj/CMakeFiles/CMakeTmp/CMAKE_TRY_COMPILE.build/Debug/cmTC_4fb79.build/DerivedSources-normal/x86_64"
ignoring nonexistent directory "/Users/samtake/Documents/GitHub/openGLredBook9th/xcodeProj/CMakeFiles/CMakeTmp/CMAKE_TRY_COMPILE.build/Debug/cmTC_4fb79.build/DerivedSources/x86_64"
ignoring nonexistent directory "/Users/samtake/Documents/GitHub/openGLredBook9th/xcodeProj/CMakeFiles/CMakeTmp/CMAKE_TRY_COMPILE.build/Debug/cmTC_4fb79.build/DerivedSources"
ignoring nonexistent directory "/Users/samtake/Documents/GitHub/openGLredBook9th/xcodeProj/CMakeFiles/CMakeTmp/Debug"
ignoring nonexistent directory "/Applications/Xcode.app/Contents/Developer/Platforms/MacOSX.platform/Developer/SDKs/MacOSX10.15.sdk/usr/local/include"
ignoring nonexistent directory "/Applications/Xcode.app/Contents/Developer/Platforms/MacOSX.platform/Developer/SDKs/MacOSX10.15.sdk/Library/Frameworks"
#include "..." search starts here:
#include <...> search starts here:
 /Applications/Xcode.app/Contents/Developer/Toolchains/XcodeDefault.xctoolchain/usr/lib/clang/11.0.0/include
 /Applications/Xcode.app/Contents/Developer/Toolchains/XcodeDefault.xctoolchain/usr/include
 /Applications/Xcode.app/Contents/Developer/Platforms/MacOSX.platform/Developer/SDKs/MacOSX10.15.sdk/usr/include
 /Applications/Xcode.app/Contents/Developer/Platforms/MacOSX.platform/Developer/SDKs/MacOSX10.15.sdk/System/Library/Frameworks (framework directory)
End of search list.
/Users/samtake/Documents/GitHub/openGLredBook9th/xcodeProj/CMakeFiles/FindOpenMP/OpenMPTryFlag.c:2:10: fatal error: 'omp.h' file not found
#include <omp.h>
         ^~~~~~~
1 error generated.

** BUILD FAILED **


The following build commands failed:
	CompileC CMAKE_TRY_COMPILE.build/Debug/cmTC_4fb79.build/Objects-normal/x86_64/OpenMPTryFlag.o /Users/samtake/Documents/GitHub/openGLredBook9th/xcodeProj/CMakeFiles/FindOpenMP/OpenMPTryFlag.c normal x86_64 c com.apple.compilers.llvm.clang.1_0.compiler
(1 failure)



Detecting CXX OpenMP failed with the following output:
Change Dir: /Users/samtake/Documents/GitHub/openGLredBook9th/xcodeProj/CMakeFiles/CMakeTmp

Run Build Command(s):/usr/bin/xcodebuild -project CMAKE_TRY_COMPILE.xcodeproj build -target cmTC_79c1b -configuration Debug -hideShellScriptEnvironment && User defaults from command line:
    HideShellScriptEnvironment = YES

Prepare build
note: Using legacy build system
=== BUILD TARGET cmTC_79c1b OF PROJECT CMAKE_TRY_COMPILE WITH CONFIGURATION Debug ===

Check dependencies

Write auxiliary files
/bin/mkdir -p /Users/samtake/Documents/GitHub/openGLredBook9th/xcodeProj/CMakeFiles/CMakeTmp/CMAKE_TRY_COMPILE.build/Debug/cmTC_79c1b.build/Objects-normal/x86_64
write-file /Users/samtake/Documents/GitHub/openGLredBook9th/xcodeProj/CMakeFiles/CMakeTmp/CMAKE_TRY_COMPILE.build/Debug/cmTC_79c1b.build/Objects-normal/x86_64/cmTC_79c1b.LinkFileList

CompileC CMAKE_TRY_COMPILE.build/Debug/cmTC_79c1b.build/Objects-normal/x86_64/OpenMPTryFlag.o /Users/samtake/Documents/GitHub/openGLredBook9th/xcodeProj/CMakeFiles/FindOpenMP/OpenMPTryFlag.cpp normal x86_64 c++ com.apple.compilers.llvm.clang.1_0.compiler
    cd /Users/samtake/Documents/GitHub/openGLredBook9th/xcodeProj/CMakeFiles/CMakeTmp
    /Applications/Xcode.app/Contents/Developer/Toolchains/XcodeDefault.xctoolchain/usr/bin/clang -x c++ -target x86_64-apple-macos10.14 -fmessage-length=0 -fdiagnostics-show-note-include-stack -fmacro-backtrace-limit=0 -Wno-trigraphs -fpascal-strings -O0 -Wno-missing-field-initializers -Wno-missing-prototypes -Wno-return-type -Wno-non-virtual-dtor -Wno-overloaded-virtual -Wno-exit-time-destructors -Wno-missing-braces -Wparentheses -Wswitch -Wno-unused-function -Wno-unused-label -Wno-unused-parameter -Wno-unused-variable -Wunused-value -Wno-empty-body -Wno-uninitialized -Wno-unknown-pragmas -Wno-shadow -Wno-four-char-constants -Wno-conversion -Wno-constant-conversion -Wno-int-conversion -Wno-bool-conversion -Wno-enum-conversion -Wno-float-conversion -Wno-non-literal-null-conversion -Wno-objc-literal-conversion -Wno-shorten-64-to-32 -Wno-newline-eof -Wno-c++11-extensions -DCMAKE_INTDIR=\"Debug\" -isysroot /Applications/Xcode.app/Contents/Developer/Platforms/MacOSX.platform/Developer/SDKs/MacOSX10.15.sdk -fasm-blocks -fstrict-aliasing -Wdeprecated-declarations -Winvalid-offsetof -g -Wno-sign-conversion -Wno-infinite-recursion -Wno-move -Wno-comma -Wno-block-capture-autoreleasing -Wno-strict-prototypes -Wno-range-loop-analysis -Wno-semicolon-before-method-body -I/Users/samtake/Documents/GitHub/openGLredBook9th/xcodeProj/CMakeFiles/CMakeTmp/Debug/include -I/Users/samtake/Documents/GitHub/openGLredBook9th/xcodeProj/CMakeFiles/CMakeTmp/CMAKE_TRY_COMPILE.build/Debug/cmTC_79c1b.build/DerivedSources-normal/x86_64 -I/Users/samtake/Documents/GitHub/openGLredBook9th/xcodeProj/CMakeFiles/CMakeTmp/CMAKE_TRY_COMPILE.build/Debug/cmTC_79c1b.build/DerivedSources/x86_64 -I/Users/samtake/Documents/GitHub/openGLredBook9th/xcodeProj/CMakeFiles/CMakeTmp/CMAKE_TRY_COMPILE.build/Debug/cmTC_79c1b.build/DerivedSources -F/Users/samtake/Documents/GitHub/openGLredBook9th/xcodeProj/CMakeFiles/CMakeTmp/Debug -fopenmp=libomp -v -MMD -MT dependencies -MF /Users/samtake/Documents/GitHub/openGLredBook9th/xcodeProj/CMakeFiles/CMakeTmp/CMAKE_TRY_COMPILE.build/Debug/cmTC_79c1b.build/Objects-normal/x86_64/OpenMPTryFlag.d --serialize-diagnostics /Users/samtake/Documents/GitHub/openGLredBook9th/xcodeProj/CMakeFiles/CMakeTmp/CMAKE_TRY_COMPILE.build/Debug/cmTC_79c1b.build/Objects-normal/x86_64/OpenMPTryFlag.dia -c /Users/samtake/Documents/GitHub/openGLredBook9th/xcodeProj/CMakeFiles/FindOpenMP/OpenMPTryFlag.cpp -o /Users/samtake/Documents/GitHub/openGLredBook9th/xcodeProj/CMakeFiles/CMakeTmp/CMAKE_TRY_COMPILE.build/Debug/cmTC_79c1b.build/Objects-normal/x86_64/OpenMPTryFlag.o
Apple clang version 11.0.0 (clang-1100.0.33.12)
Target: x86_64-apple-macos10.14
Thread model: posix
InstalledDir: /Applications/Xcode.app/Contents/Developer/Toolchains/XcodeDefault.xctoolchain/usr/bin
clang: error: unsupported argument 'libomp' to option 'fopenmp='

** BUILD FAILED **


The following build commands failed:
	CompileC CMAKE_TRY_COMPILE.build/Debug/cmTC_79c1b.build/Objects-normal/x86_64/OpenMPTryFlag.o /Users/samtake/Documents/GitHub/openGLredBook9th/xcodeProj/CMakeFiles/FindOpenMP/OpenMPTryFlag.cpp normal x86_64 c++ com.apple.compilers.llvm.clang.1_0.compiler
(1 failure)



Detecting CXX OpenMP failed with the following output:
Change Dir: /Users/samtake/Documents/GitHub/openGLredBook9th/xcodeProj/CMakeFiles/CMakeTmp

Run Build Command(s):/usr/bin/xcodebuild -project CMAKE_TRY_COMPILE.xcodeproj build -target cmTC_efc12 -configuration Debug -hideShellScriptEnvironment && User defaults from command line:
    HideShellScriptEnvironment = YES

Prepare build
note: Using legacy build system
=== BUILD TARGET cmTC_efc12 OF PROJECT CMAKE_TRY_COMPILE WITH CONFIGURATION Debug ===

Check dependencies

Write auxiliary files
/bin/mkdir -p /Users/samtake/Documents/GitHub/openGLredBook9th/xcodeProj/CMakeFiles/CMakeTmp/CMAKE_TRY_COMPILE.build/Debug/cmTC_efc12.build/Objects-normal/x86_64
write-file /Users/samtake/Documents/GitHub/openGLredBook9th/xcodeProj/CMakeFiles/CMakeTmp/CMAKE_TRY_COMPILE.build/Debug/cmTC_efc12.build/Objects-normal/x86_64/cmTC_efc12.LinkFileList

CompileC CMAKE_TRY_COMPILE.build/Debug/cmTC_efc12.build/Objects-normal/x86_64/OpenMPTryFlag.o /Users/samtake/Documents/GitHub/openGLredBook9th/xcodeProj/CMakeFiles/FindOpenMP/OpenMPTryFlag.cpp normal x86_64 c++ com.apple.compilers.llvm.clang.1_0.compiler
    cd /Users/samtake/Documents/GitHub/openGLredBook9th/xcodeProj/CMakeFiles/CMakeTmp
    /Applications/Xcode.app/Contents/Developer/Toolchains/XcodeDefault.xctoolchain/usr/bin/clang -x c++ -target x86_64-apple-macos10.14 -fmessage-length=0 -fdiagnostics-show-note-include-stack -fmacro-backtrace-limit=0 -Wno-trigraphs -fpascal-strings -O0 -Wno-missing-field-initializers -Wno-missing-prototypes -Wno-return-type -Wno-non-virtual-dtor -Wno-overloaded-virtual -Wno-exit-time-destructors -Wno-missing-braces -Wparentheses -Wswitch -Wno-unused-function -Wno-unused-label -Wno-unused-parameter -Wno-unused-variable -Wunused-value -Wno-empty-body -Wno-uninitialized -Wno-unknown-pragmas -Wno-shadow -Wno-four-char-constants -Wno-conversion -Wno-constant-conversion -Wno-int-conversion -Wno-bool-conversion -Wno-enum-conversion -Wno-float-conversion -Wno-non-literal-null-conversion -Wno-objc-literal-conversion -Wno-shorten-64-to-32 -Wno-newline-eof -Wno-c++11-extensions -DCMAKE_INTDIR=\"Debug\" -isysroot /Applications/Xcode.app/Contents/Developer/Platforms/MacOSX.platform/Developer/SDKs/MacOSX10.15.sdk -fasm-blocks -fstrict-aliasing -Wdeprecated-declarations -Winvalid-offsetof -g -Wno-sign-conversion -Wno-infinite-recursion -Wno-move -Wno-comma -Wno-block-capture-autoreleasing -Wno-strict-prototypes -Wno-range-loop-analysis -Wno-semicolon-before-method-body -I/Users/samtake/Documents/GitHub/openGLredBook9th/xcodeProj/CMakeFiles/CMakeTmp/Debug/include -I/Users/samtake/Documents/GitHub/openGLredBook9th/xcodeProj/CMakeFiles/CMakeTmp/CMAKE_TRY_COMPILE.build/Debug/cmTC_efc12.build/DerivedSources-normal/x86_64 -I/Users/samtake/Documents/GitHub/openGLredBook9th/xcodeProj/CMakeFiles/CMakeTmp/CMAKE_TRY_COMPILE.build/Debug/cmTC_efc12.build/DerivedSources/x86_64 -I/Users/samtake/Documents/GitHub/openGLredBook9th/xcodeProj/CMakeFiles/CMakeTmp/CMAKE_TRY_COMPILE.build/Debug/cmTC_efc12.build/DerivedSources -F/Users/samtake/Documents/GitHub/openGLredBook9th/xcodeProj/CMakeFiles/CMakeTmp/Debug -fopenmp=libiomp5 -v -MMD -MT dependencies -MF /Users/samtake/Documents/GitHub/openGLredBook9th/xcodeProj/CMakeFiles/CMakeTmp/CMAKE_TRY_COMPILE.build/Debug/cmTC_efc12.build/Objects-normal/x86_64/OpenMPTryFlag.d --serialize-diagnostics /Users/samtake/Documents/GitHub/openGLredBook9th/xcodeProj/CMakeFiles/CMakeTmp/CMAKE_TRY_COMPILE.build/Debug/cmTC_efc12.build/Objects-normal/x86_64/OpenMPTryFlag.dia -c /Users/samtake/Documents/GitHub/openGLredBook9th/xcodeProj/CMakeFiles/FindOpenMP/OpenMPTryFlag.cpp -o /Users/samtake/Documents/GitHub/openGLredBook9th/xcodeProj/CMakeFiles/CMakeTmp/CMAKE_TRY_COMPILE.build/Debug/cmTC_efc12.build/Objects-normal/x86_64/OpenMPTryFlag.o
Apple clang version 11.0.0 (clang-1100.0.33.12)
Target: x86_64-apple-macos10.14
Thread model: posix
InstalledDir: /Applications/Xcode.app/Contents/Developer/Toolchains/XcodeDefault.xctoolchain/usr/bin
clang: error: unsupported argument 'libiomp5' to option 'fopenmp='

** BUILD FAILED **


The following build commands failed:
	CompileC CMAKE_TRY_COMPILE.build/Debug/cmTC_efc12.build/Objects-normal/x86_64/OpenMPTryFlag.o /Users/samtake/Documents/GitHub/openGLredBook9th/xcodeProj/CMakeFiles/FindOpenMP/OpenMPTryFlag.cpp normal x86_64 c++ com.apple.compilers.llvm.clang.1_0.compiler
(1 failure)



Detecting CXX OpenMP failed with the following output:
Change Dir: /Users/samtake/Documents/GitHub/openGLredBook9th/xcodeProj/CMakeFiles/CMakeTmp

Run Build Command(s):/usr/bin/xcodebuild -project CMAKE_TRY_COMPILE.xcodeproj build -target cmTC_ca820 -configuration Debug -hideShellScriptEnvironment && User defaults from command line:
    HideShellScriptEnvironment = YES

Prepare build
note: Using legacy build system
=== BUILD TARGET cmTC_ca820 OF PROJECT CMAKE_TRY_COMPILE WITH CONFIGURATION Debug ===

Check dependencies

Write auxiliary files
/bin/mkdir -p /Users/samtake/Documents/GitHub/openGLredBook9th/xcodeProj/CMakeFiles/CMakeTmp/CMAKE_TRY_COMPILE.build/Debug/cmTC_ca820.build/Objects-normal/x86_64
write-file /Users/samtake/Documents/GitHub/openGLredBook9th/xcodeProj/CMakeFiles/CMakeTmp/CMAKE_TRY_COMPILE.build/Debug/cmTC_ca820.build/Objects-normal/x86_64/cmTC_ca820.LinkFileList

CompileC CMAKE_TRY_COMPILE.build/Debug/cmTC_ca820.build/Objects-normal/x86_64/OpenMPTryFlag.o /Users/samtake/Documents/GitHub/openGLredBook9th/xcodeProj/CMakeFiles/FindOpenMP/OpenMPTryFlag.cpp normal x86_64 c++ com.apple.compilers.llvm.clang.1_0.compiler
    cd /Users/samtake/Documents/GitHub/openGLredBook9th/xcodeProj/CMakeFiles/CMakeTmp
    /Applications/Xcode.app/Contents/Developer/Toolchains/XcodeDefault.xctoolchain/usr/bin/clang -x c++ -target x86_64-apple-macos10.14 -fmessage-length=0 -fdiagnostics-show-note-include-stack -fmacro-backtrace-limit=0 -Wno-trigraphs -fpascal-strings -O0 -Wno-missing-field-initializers -Wno-missing-prototypes -Wno-return-type -Wno-non-virtual-dtor -Wno-overloaded-virtual -Wno-exit-time-destructors -Wno-missing-braces -Wparentheses -Wswitch -Wno-unused-function -Wno-unused-label -Wno-unused-parameter -Wno-unused-variable -Wunused-value -Wno-empty-body -Wno-uninitialized -Wno-unknown-pragmas -Wno-shadow -Wno-four-char-constants -Wno-conversion -Wno-constant-conversion -Wno-int-conversion -Wno-bool-conversion -Wno-enum-conversion -Wno-float-conversion -Wno-non-literal-null-conversion -Wno-objc-literal-conversion -Wno-shorten-64-to-32 -Wno-newline-eof -Wno-c++11-extensions -DCMAKE_INTDIR=\"Debug\" -isysroot /Applications/Xcode.app/Contents/Developer/Platforms/MacOSX.platform/Developer/SDKs/MacOSX10.15.sdk -fasm-blocks -fstrict-aliasing -Wdeprecated-declarations -Winvalid-offsetof -g -Wno-sign-conversion -Wno-infinite-recursion -Wno-move -Wno-comma -Wno-block-capture-autoreleasing -Wno-strict-prototypes -Wno-range-loop-analysis -Wno-semicolon-before-method-body -I/Users/samtake/Documents/GitHub/openGLredBook9th/xcodeProj/CMakeFiles/CMakeTmp/Debug/include -I/Users/samtake/Documents/GitHub/openGLredBook9th/xcodeProj/CMakeFiles/CMakeTmp/CMAKE_TRY_COMPILE.build/Debug/cmTC_ca820.build/DerivedSources-normal/x86_64 -I/Users/samtake/Documents/GitHub/openGLredBook9th/xcodeProj/CMakeFiles/CMakeTmp/CMAKE_TRY_COMPILE.build/Debug/cmTC_ca820.build/DerivedSources/x86_64 -I/Users/samtake/Documents/GitHub/openGLredBook9th/xcodeProj/CMakeFiles/CMakeTmp/CMAKE_TRY_COMPILE.build/Debug/cmTC_ca820.build/DerivedSources -F/Users/samtake/Documents/GitHub/openGLredBook9th/xcodeProj/CMakeFiles/CMakeTmp/Debug -fopenmp -v -MMD -MT dependencies -MF /Users/samtake/Documents/GitHub/openGLredBook9th/xcodeProj/CMakeFiles/CMakeTmp/CMAKE_TRY_COMPILE.build/Debug/cmTC_ca820.build/Objects-normal/x86_64/OpenMPTryFlag.d --serialize-diagnostics /Users/samtake/Documents/GitHub/openGLredBook9th/xcodeProj/CMakeFiles/CMakeTmp/CMAKE_TRY_COMPILE.build/Debug/cmTC_ca820.build/Objects-normal/x86_64/OpenMPTryFlag.dia -c /Users/samtake/Documents/GitHub/openGLredBook9th/xcodeProj/CMakeFiles/FindOpenMP/OpenMPTryFlag.cpp -o /Users/samtake/Documents/GitHub/openGLredBook9th/xcodeProj/CMakeFiles/CMakeTmp/CMAKE_TRY_COMPILE.build/Debug/cmTC_ca820.build/Objects-normal/x86_64/OpenMPTryFlag.o
Apple clang version 11.0.0 (clang-1100.0.33.12)
Target: x86_64-apple-macos10.14
Thread model: posix
InstalledDir: /Applications/Xcode.app/Contents/Developer/Toolchains/XcodeDefault.xctoolchain/usr/bin
clang: error: unsupported option '-fopenmp'

** BUILD FAILED **


The following build commands failed:
	CompileC CMAKE_TRY_COMPILE.build/Debug/cmTC_ca820.build/Objects-normal/x86_64/OpenMPTryFlag.o /Users/samtake/Documents/GitHub/openGLredBook9th/xcodeProj/CMakeFiles/FindOpenMP/OpenMPTryFlag.cpp normal x86_64 c++ com.apple.compilers.llvm.clang.1_0.compiler
(1 failure)



Detecting CXX OpenMP failed with the following output:
Change Dir: /Users/samtake/Documents/GitHub/openGLredBook9th/xcodeProj/CMakeFiles/CMakeTmp

Run Build Command(s):/usr/bin/xcodebuild -project CMAKE_TRY_COMPILE.xcodeproj build -target cmTC_a052e -configuration Debug -hideShellScriptEnvironment && User defaults from command line:
    HideShellScriptEnvironment = YES

Prepare build
note: Using legacy build system
=== BUILD TARGET cmTC_a052e OF PROJECT CMAKE_TRY_COMPILE WITH CONFIGURATION Debug ===

Check dependencies

Write auxiliary files
/bin/mkdir -p /Users/samtake/Documents/GitHub/openGLredBook9th/xcodeProj/CMakeFiles/CMakeTmp/CMAKE_TRY_COMPILE.build/Debug/cmTC_a052e.build/Objects-normal/x86_64
write-file /Users/samtake/Documents/GitHub/openGLredBook9th/xcodeProj/CMakeFiles/CMakeTmp/CMAKE_TRY_COMPILE.build/Debug/cmTC_a052e.build/Objects-normal/x86_64/cmTC_a052e.LinkFileList

CompileC CMAKE_TRY_COMPILE.build/Debug/cmTC_a052e.build/Objects-normal/x86_64/OpenMPTryFlag.o /Users/samtake/Documents/GitHub/openGLredBook9th/xcodeProj/CMakeFiles/FindOpenMP/OpenMPTryFlag.cpp normal x86_64 c++ com.apple.compilers.llvm.clang.1_0.compiler
    cd /Users/samtake/Documents/GitHub/openGLredBook9th/xcodeProj/CMakeFiles/CMakeTmp
    /Applications/Xcode.app/Contents/Developer/Toolchains/XcodeDefault.xctoolchain/usr/bin/clang -x c++ -target x86_64-apple-macos10.14 -fmessage-length=0 -fdiagnostics-show-note-include-stack -fmacro-backtrace-limit=0 -Wno-trigraphs -fpascal-strings -O0 -Wno-missing-field-initializers -Wno-missing-prototypes -Wno-return-type -Wno-non-virtual-dtor -Wno-overloaded-virtual -Wno-exit-time-destructors -Wno-missing-braces -Wparentheses -Wswitch -Wno-unused-function -Wno-unused-label -Wno-unused-parameter -Wno-unused-variable -Wunused-value -Wno-empty-body -Wno-uninitialized -Wno-unknown-pragmas -Wno-shadow -Wno-four-char-constants -Wno-conversion -Wno-constant-conversion -Wno-int-conversion -Wno-bool-conversion -Wno-enum-conversion -Wno-float-conversion -Wno-non-literal-null-conversion -Wno-objc-literal-conversion -Wno-shorten-64-to-32 -Wno-newline-eof -Wno-c++11-extensions -DCMAKE_INTDIR=\"Debug\" -isysroot /Applications/Xcode.app/Contents/Developer/Platforms/MacOSX.platform/Developer/SDKs/MacOSX10.15.sdk -fasm-blocks -fstrict-aliasing -Wdeprecated-declarations -Winvalid-offsetof -g -Wno-sign-conversion -Wno-infinite-recursion -Wno-move -Wno-comma -Wno-block-capture-autoreleasing -Wno-strict-prototypes -Wno-range-loop-analysis -Wno-semicolon-before-method-body -I/Users/samtake/Documents/GitHub/openGLredBook9th/xcodeProj/CMakeFiles/CMakeTmp/Debug/include -I/Users/samtake/Documents/GitHub/openGLredBook9th/xcodeProj/CMakeFiles/CMakeTmp/CMAKE_TRY_COMPILE.build/Debug/cmTC_a052e.build/DerivedSources-normal/x86_64 -I/Users/samtake/Documents/GitHub/openGLredBook9th/xcodeProj/CMakeFiles/CMakeTmp/CMAKE_TRY_COMPILE.build/Debug/cmTC_a052e.build/DerivedSources/x86_64 -I/Users/samtake/Documents/GitHub/openGLredBook9th/xcodeProj/CMakeFiles/CMakeTmp/CMAKE_TRY_COMPILE.build/Debug/cmTC_a052e.build/DerivedSources -F/Users/samtake/Documents/GitHub/openGLredBook9th/xcodeProj/CMakeFiles/CMakeTmp/Debug -Xclang -fopenmp -v -MMD -MT dependencies -MF /Users/samtake/Documents/GitHub/openGLredBook9th/xcodeProj/CMakeFiles/CMakeTmp/CMAKE_TRY_COMPILE.build/Debug/cmTC_a052e.build/Objects-normal/x86_64/OpenMPTryFlag.d --serialize-diagnostics /Users/samtake/Documents/GitHub/openGLredBook9th/xcodeProj/CMakeFiles/CMakeTmp/CMAKE_TRY_COMPILE.build/Debug/cmTC_a052e.build/Objects-normal/x86_64/OpenMPTryFlag.dia -c /Users/samtake/Documents/GitHub/openGLredBook9th/xcodeProj/CMakeFiles/FindOpenMP/OpenMPTryFlag.cpp -o /Users/samtake/Documents/GitHub/openGLredBook9th/xcodeProj/CMakeFiles/CMakeTmp/CMAKE_TRY_COMPILE.build/Debug/cmTC_a052e.build/Objects-normal/x86_64/OpenMPTryFlag.o
Apple clang version 11.0.0 (clang-1100.0.33.12)
Target: x86_64-apple-macos10.14
Thread model: posix
InstalledDir: /Applications/Xcode.app/Contents/Developer/Toolchains/XcodeDefault.xctoolchain/usr/bin
 "/Applications/Xcode.app/Contents/Developer/Toolchains/XcodeDefault.xctoolchain/usr/bin/clang" -cc1 -triple x86_64-apple-macosx10.14.0 -Wdeprecated-objc-isa-usage -Werror=deprecated-objc-isa-usage -emit-obj -mrelax-all -disable-free -disable-llvm-verifier -discard-value-names -main-file-name OpenMPTryFlag.cpp -mrelocation-model pic -pic-level 2 -mthread-model posix -mdisable-fp-elim -fno-strict-return -masm-verbose -munwind-tables -target-sdk-version=10.15 -target-cpu penryn -dwarf-column-info -debug-info-kind=standalone -dwarf-version=4 -debugger-tuning=lldb -ggnu-pubnames -target-linker-version 520 -v -coverage-notes-file /Users/samtake/Documents/GitHub/openGLredBook9th/xcodeProj/CMakeFiles/CMakeTmp/CMAKE_TRY_COMPILE.build/Debug/cmTC_a052e.build/Objects-normal/x86_64/OpenMPTryFlag.gcno -resource-dir /Applications/Xcode.app/Contents/Developer/Toolchains/XcodeDefault.xctoolchain/usr/lib/clang/11.0.0 -dependency-file /Users/samtake/Documents/GitHub/openGLredBook9th/xcodeProj/CMakeFiles/CMakeTmp/CMAKE_TRY_COMPILE.build/Debug/cmTC_a052e.build/Objects-normal/x86_64/OpenMPTryFlag.d -skip-unused-modulemap-deps -MT dependencies -isysroot /Applications/Xcode.app/Contents/Developer/Platforms/MacOSX.platform/Developer/SDKs/MacOSX10.15.sdk -D "CMAKE_INTDIR=\"Debug\"" -I /Users/samtake/Documents/GitHub/openGLredBook9th/xcodeProj/CMakeFiles/CMakeTmp/Debug/include -I /Users/samtake/Documents/GitHub/openGLredBook9th/xcodeProj/CMakeFiles/CMakeTmp/CMAKE_TRY_COMPILE.build/Debug/cmTC_a052e.build/DerivedSources-normal/x86_64 -I /Users/samtake/Documents/GitHub/openGLredBook9th/xcodeProj/CMakeFiles/CMakeTmp/CMAKE_TRY_COMPILE.build/Debug/cmTC_a052e.build/DerivedSources/x86_64 -I /Users/samtake/Documents/GitHub/openGLredBook9th/xcodeProj/CMakeFiles/CMakeTmp/CMAKE_TRY_COMPILE.build/Debug/cmTC_a052e.build/DerivedSources -F/Users/samtake/Documents/GitHub/openGLredBook9th/xcodeProj/CMakeFiles/CMakeTmp/Debug -stdlib=libc++ -internal-isystem /Applications/Xcode.app/Contents/Developer/Toolchains/XcodeDefault.xctoolchain/usr/bin/../include/c++/v1 -O0 -Wno-trigraphs -Wno-missing-field-initializers -Wno-missing-prototypes -Wno-return-type -Wno-non-virtual-dtor -Wno-overloaded-virtual -Wno-exit-time-destructors -Wno-missing-braces -Wparentheses -Wswitch -Wno-unused-function -Wno-unused-label -Wno-unused-parameter -Wno-unused-variable -Wunused-value -Wno-empty-body -Wno-uninitialized -Wno-unknown-pragmas -Wno-shadow -Wno-four-char-constants -Wno-conversion -Wno-constant-conversion -Wno-int-conversion -Wno-bool-conversion -Wno-enum-conversion -Wno-float-conversion -Wno-non-literal-null-conversion -Wno-objc-literal-conversion -Wno-shorten-64-to-32 -Wno-newline-eof -Wno-c++11-extensions -Wdeprecated-declarations -Winvalid-offsetof -Wno-sign-conversion -Wno-infinite-recursion -Wno-move -Wno-comma -Wno-block-capture-autoreleasing -Wno-strict-prototypes -Wno-range-loop-analysis -Wno-semicolon-before-method-body -Wno-framework-include-private-from-public -Wno-atimport-in-framework-header -Wno-extra-semi-stmt -Wno-quoted-include-in-framework-header -fdeprecated-macro -fdebug-compilation-dir /Users/samtake/Documents/GitHub/openGLredBook9th/xcodeProj/CMakeFiles/CMakeTmp -ferror-limit 19 -fmacro-backtrace-limit 0 -fmessage-length 0 -stack-protector 1 -mdarwin-stkchk-strong-link -fblocks -fencode-extended-block-signature -fregister-global-dtors-with-atexit -fobjc-runtime=macosx-10.14.0 -fcxx-exceptions -fexceptions -fpascal-strings -fmax-type-align=16 -fdiagnostics-show-option -fdiagnostics-show-note-include-stack -fasm-blocks -serialize-diagnostic-file /Users/samtake/Documents/GitHub/openGLredBook9th/xcodeProj/CMakeFiles/CMakeTmp/CMAKE_TRY_COMPILE.build/Debug/cmTC_a052e.build/Objects-normal/x86_64/OpenMPTryFlag.dia -fopenmp -o /Users/samtake/Documents/GitHub/openGLredBook9th/xcodeProj/CMakeFiles/CMakeTmp/CMAKE_TRY_COMPILE.build/Debug/cmTC_a052e.build/Objects-normal/x86_64/OpenMPTryFlag.o -x c++ /Users/samtake/Documents/GitHub/openGLredBook9th/xcodeProj/CMakeFiles/FindOpenMP/OpenMPTryFlag.cpp
clang -cc1 version 11.0.0 (clang-1100.0.33.12) default target x86_64-apple-darwin18.7.0
ignoring nonexistent directory "/Users/samtake/Documents/GitHub/openGLredBook9th/xcodeProj/CMakeFiles/CMakeTmp/Debug/include"
ignoring nonexistent directory "/Users/samtake/Documents/GitHub/openGLredBook9th/xcodeProj/CMakeFiles/CMakeTmp/CMAKE_TRY_COMPILE.build/Debug/cmTC_a052e.build/DerivedSources-normal/x86_64"
ignoring nonexistent directory "/Users/samtake/Documents/GitHub/openGLredBook9th/xcodeProj/CMakeFiles/CMakeTmp/CMAKE_TRY_COMPILE.build/Debug/cmTC_a052e.build/DerivedSources/x86_64"
ignoring nonexistent directory "/Users/samtake/Documents/GitHub/openGLredBook9th/xcodeProj/CMakeFiles/CMakeTmp/CMAKE_TRY_COMPILE.build/Debug/cmTC_a052e.build/DerivedSources"
ignoring nonexistent directory "/Users/samtake/Documents/GitHub/openGLredBook9th/xcodeProj/CMakeFiles/CMakeTmp/Debug"
ignoring nonexistent directory "/Applications/Xcode.app/Contents/Developer/Platforms/MacOSX.platform/Developer/SDKs/MacOSX10.15.sdk/usr/include/c++/v1"
ignoring nonexistent directory "/Applications/Xcode.app/Contents/Developer/Platforms/MacOSX.platform/Developer/SDKs/MacOSX10.15.sdk/usr/local/include"
ignoring nonexistent directory "/Applications/Xcode.app/Contents/Developer/Platforms/MacOSX.platform/Developer/SDKs/MacOSX10.15.sdk/Library/Frameworks"
#include "..." search starts here:
#include <...> search starts here:
 /Applications/Xcode.app/Contents/Developer/Toolchains/XcodeDefault.xctoolchain/usr/bin/../include/c++/v1
 /Applications/Xcode.app/Contents/Developer/Toolchains/XcodeDefault.xctoolchain/usr/lib/clang/11.0.0/include
 /Applications/Xcode.app/Contents/Developer/Toolchains/XcodeDefault.xctoolchain/usr/include
 /Applications/Xcode.app/Contents/Developer/Platforms/MacOSX.platform/Developer/SDKs/MacOSX10.15.sdk/usr/include
 /Applications/Xcode.app/Contents/Developer/Platforms/MacOSX.platform/Developer/SDKs/MacOSX10.15.sdk/System/Library/Frameworks (framework directory)
End of search list.
/Users/samtake/Documents/GitHub/openGLredBook9th/xcodeProj/CMakeFiles/FindOpenMP/OpenMPTryFlag.cpp:2:10: fatal error: 'omp.h' file not found
#include <omp.h>
         ^~~~~~~
1 error generated.

** BUILD FAILED **


The following build commands failed:
	CompileC CMAKE_TRY_COMPILE.build/Debug/cmTC_a052e.build/Objects-normal/x86_64/OpenMPTryFlag.o /Users/samtake/Documents/GitHub/openGLredBook9th/xcodeProj/CMakeFiles/FindOpenMP/OpenMPTryFlag.cpp normal x86_64 c++ com.apple.compilers.llvm.clang.1_0.compiler
(1 failure)



